
-----
Test: test_google_maps_api.py::TestCreateLocation::test_create_new_location (call)
Time: 2022-12-26 17:48:47.260512
Request method: POST
Request url: https://rahulshettyacademy.com/maps/api/place/add/json?key=qaclick123

Response code: 200
Response text: {"status":"OK","place_id":"8d0aba5a91d74cbb83e4b468eb466d9b","scope":"APP","reference":"fe3d3de5886f90df3bfb6a6d0968ea7afe3d3de5886f90df3bfb6a6d0968ea7a","id":"fe3d3de5886f90df3bfb6a6d0968ea7a"}
Response headers: {'Date': 'Mon, 26 Dec 2022 13:48:46 GMT', 'Server': 'Apache/2.4.41 (Ubuntu)', 'Access-Control-Allow-Origin': '*', 'Access-Control-Allow-Methods': 'POST', 'Access-Control-Max-Age': '3600', 'Access-Control-Allow-Headers': 'Content-Type, Access-Control-Allow-Headers, Authorization, X-Requested-With', 'Content-Length': '194', 'Keep-Alive': 'timeout=5, max=100', 'Connection': 'Keep-Alive', 'Content-Type': 'application/json;charset=UTF-8'}
Response cookies: {}

-----

-----
Test: test_google_maps_api.py::TestCreateLocation::test_create_new_location (call)
Time: 2022-12-26 17:48:47.800102
Request method: GET
Request url: https://rahulshettyacademy.com//maps/api/place/get/json?key=qaclick123&place_id=8d0aba5a91d74cbb83e4b468eb466d9b

Response code: 200
Response text: {"location":{"latitude":"-38.383494","longitude":"33.427362"},"accuracy":"50","name":"Frontline house","phone_number":"(+91) 983 893 3937","address":"29, side layout, cohen 09","types":"shoe park,shop","website":"http:\/\/google.com","language":"French-IN"}
Response headers: {'Date': 'Mon, 26 Dec 2022 13:48:47 GMT', 'Server': 'Apache/2.4.41 (Ubuntu)', 'Access-Control-Allow-Origin': '*', 'Access-Control-Allow-Methods': 'POST', 'Access-Control-Max-Age': '3600', 'Access-Control-Allow-Headers': 'Content-Type, Access-Control-Allow-Headers, Authorization, X-Requested-With', 'Content-Length': '257', 'Keep-Alive': 'timeout=5, max=100', 'Connection': 'Keep-Alive', 'Content-Type': 'application/json;charset=UTF-8'}
Response cookies: {}

-----

-----
Test: test_google_maps_api.py::TestCreateLocation::test_create_new_location (call)
Time: 2022-12-26 17:48:48.784318
Request method: PUT
Request url: https://rahulshettyacademy.com//maps/api/place/update/json?key=qaclick123

Response code: 200
Response text: {"msg":"Address successfully updated"}
Response headers: {'Date': 'Mon, 26 Dec 2022 13:48:48 GMT', 'Server': 'Apache/2.4.41 (Ubuntu)', 'Access-Control-Allow-Origin': '*', 'Access-Control-Allow-Methods': 'POST', 'Access-Control-Max-Age': '3600', 'Access-Control-Allow-Headers': 'Content-Type, Access-Control-Allow-Headers, Authorization, X-Requested-With', 'Content-Length': '38', 'Keep-Alive': 'timeout=5, max=100', 'Connection': 'Keep-Alive', 'Content-Type': 'application/json;charset=UTF-8'}
Response cookies: {}

-----

-----
Test: test_google_maps_api.py::TestCreateLocation::test_create_new_location (call)
Time: 2022-12-26 17:48:49.813100
Request method: GET
Request url: https://rahulshettyacademy.com//maps/api/place/get/json?key=qaclick123&place_id=8d0aba5a91d74cbb83e4b468eb466d9b

Response code: 200
Response text: {"location":{"latitude":"-38.383494","longitude":"33.427362"},"accuracy":"50","name":"Frontline house","phone_number":"(+91) 983 893 3937","address":"100 Lenina street, RU","types":"shoe park,shop","website":"http:\/\/google.com","language":"French-IN"}
Response headers: {'Date': 'Mon, 26 Dec 2022 13:48:49 GMT', 'Server': 'Apache/2.4.41 (Ubuntu)', 'Access-Control-Allow-Origin': '*', 'Access-Control-Allow-Methods': 'POST', 'Access-Control-Max-Age': '3600', 'Access-Control-Allow-Headers': 'Content-Type, Access-Control-Allow-Headers, Authorization, X-Requested-With', 'Content-Length': '253', 'Keep-Alive': 'timeout=5, max=100', 'Connection': 'Keep-Alive', 'Content-Type': 'application/json;charset=UTF-8'}
Response cookies: {}

-----

-----
Test: test_google_maps_api.py::TestCreateLocation::test_create_new_location (call)
Time: 2022-12-26 17:48:50.626749
Request method: DELETE
Request url: https://rahulshettyacademy.com//maps/api/place/delete/json?key=qaclick123

Response code: 200
Response text: {"status":"OK"}
Response headers: {'Date': 'Mon, 26 Dec 2022 13:48:50 GMT', 'Server': 'Apache/2.4.41 (Ubuntu)', 'Access-Control-Allow-Origin': '*', 'Access-Control-Allow-Methods': 'POST', 'Access-Control-Max-Age': '3600', 'Access-Control-Allow-Headers': 'Content-Type, Access-Control-Allow-Headers, Authorization, X-Requested-With', 'Content-Length': '15', 'Keep-Alive': 'timeout=5, max=100', 'Connection': 'Keep-Alive', 'Content-Type': 'application/json;charset=UTF-8'}
Response cookies: {}

-----

-----
Test: test_google_maps_api.py::TestCreateLocation::test_create_new_location (call)
Time: 2022-12-26 17:48:51.639464
Request method: GET
Request url: https://rahulshettyacademy.com//maps/api/place/get/json?key=qaclick123&place_id=8d0aba5a91d74cbb83e4b468eb466d9b

Response code: 404
Response text: {"msg":"Get operation failed, looks like place_id  doesn't exists"}
Response headers: {'Date': 'Mon, 26 Dec 2022 13:48:51 GMT', 'Server': 'Apache/2.4.41 (Ubuntu)', 'Access-Control-Allow-Origin': '*', 'Access-Control-Allow-Methods': 'POST', 'Access-Control-Max-Age': '3600', 'Access-Control-Allow-Headers': 'Content-Type, Access-Control-Allow-Headers, Authorization, X-Requested-With', 'Content-Length': '67', 'Keep-Alive': 'timeout=5, max=100', 'Connection': 'Keep-Alive', 'Content-Type': 'application/json;charset=UTF-8'}
Response cookies: {}

-----
